ERC report (2026-07-13T09:02:52-0600, Encoding UTF8)

***** Sheet /
[power_pin_not_driven]: Input Power pin not driven by any Output Power pins
    ; error
    @(24.13 mm, 34.29 mm): Symbol U1 Pin 15 [V_PTAT, Power input, Line]
[pin_to_pin]: Pins of type Output and Power output are connected
    ; error
    @(55.88 mm, 71.12 mm): Symbol U4 Pin 5 [OUT, Output, Line]
    @(36.83 mm, 7.62 mm): Symbol #FLG05 Pin 1 [Power output, Line]
[pin_to_pin]: Pins of type Power output and Power output are connected
    ; error
    @(19.05 mm, 156.21 mm): Symbol J1 Pin A1/B12 [GND, Power output, Line]
    @(19.05 mm, 184.15 mm): Symbol J1 Pin B1/A12 [GND, Power output, Line]
[pin_to_pin]: Pins of type Power output and Power output are connected
    ; error
    @(19.05 mm, 184.15 mm): Symbol J1 Pin B1/A12 [GND, Power output, Line]
    @(83.82 mm, 7.62 mm): Symbol #FLG03 Pin 1 [Power output, Line]
[pin_to_pin]: Pins of type Power output and Power output are connected
    ; error
    @(22.86 mm, 186.69 mm): Symbol J1 Pin 13 [GND, Power output, Line]
    @(22.86 mm, 189.23 mm): Symbol J1 Pin 14 [GND, Power output, Line]
[pin_to_pin]: Pins of type Power output and Power output are connected
    ; error
    @(22.86 mm, 189.23 mm): Symbol J1 Pin 14 [GND, Power output, Line]
    @(22.86 mm, 191.77 mm): Symbol J1 Pin 15 [GND, Power output, Line]
[pin_to_pin]: Pins of type Power output and Power output are connected
    ; error
    @(22.86 mm, 191.77 mm): Symbol J1 Pin 15 [GND, Power output, Line]
    @(22.86 mm, 194.31 mm): Symbol J1 Pin 16 [GND, Power output, Line]
[pin_to_pin]: Pins of type Power output and Power output are connected
    ; error
    @(22.86 mm, 194.31 mm): Symbol J1 Pin 16 [GND, Power output, Line]
    @(19.05 mm, 184.15 mm): Symbol J1 Pin B1/A12 [GND, Power output, Line]
[power_pin_not_driven]: Input Power pin not driven by any Output Power pins
    ; error
    @(217.17 mm, 24.13 mm): Symbol U7 Pin 12 [VCORE-1, Power input, Line]
[pin_to_pin]: Pins of type Output and Power output are connected
    ; error
    @(358.14 mm, 190.50 mm): Symbol U14 Pin 5 [OUT, Output, Line]
    @(120.65 mm, 7.62 mm): Symbol #FLG08 Pin 1 [Power output, Line]
[pin_to_pin]: Pins of type Unspecified and Passive are connected
    ; warning
    @(86.36 mm, 24.13 mm): Symbol U2 Pin 6 [AVDD, Unspecified, Line]
    @(86.36 mm, 24.13 mm): Symbol C8 Pin 1 [Passive, Line]
[pin_to_pin]: Pins of type Unspecified and Passive are connected
    ; warning
    @(86.36 mm, 26.67 mm): Symbol U2 Pin 7 [AVDD, Unspecified, Line]
    @(86.36 mm, 24.13 mm): Symbol C8 Pin 1 [Passive, Line]
[pin_to_pin]: Pins of type Unspecified and Passive are connected
    ; warning
    @(86.36 mm, 29.21 mm): Symbol U2 Pin 8 [AVDD, Unspecified, Line]
    @(86.36 mm, 24.13 mm): Symbol C8 Pin 1 [Passive, Line]
[pin_to_pin]: Pins of type Unspecified and Power output are connected
    ; warning
    @(86.36 mm, 34.29 mm): Symbol U2 Pin 19 [DVDD, Unspecified, Line]
    @(48.26 mm, 7.62 mm): Symbol #FLG04 Pin 1 [Power output, Line]
[pin_to_pin]: Pins of type Unspecified and Unspecified are connected
    ; warning
    @(86.36 mm, 39.37 mm): Symbol U2 Pin 18 [SDVDD, Unspecified, Line]
    @(86.36 mm, 34.29 mm): Symbol U2 Pin 19 [DVDD, Unspecified, Line]
[pin_to_pin]: Pins of type Unspecified and Passive are connected
    ; warning
    @(86.36 mm, 44.45 mm): Symbol U2 Pin 9 [REFIN, Unspecified, Line]
    @(124.46 mm, 246.38 mm): Symbol C51 Pin 2 [Passive, Line]
[pin_to_pin]: Pins of type Unspecified and Passive are connected
    ; warning
    @(86.36 mm, 46.99 mm): Symbol U2 Pin 5 [RFINA, Unspecified, Line]
    @(309.88 mm, 140.97 mm): Symbol C20 Pin 2 [Passive, Line]
[pin_to_pin]: Pins of type Unspecified and Passive are connected
    ; warning
    @(86.36 mm, 49.53 mm): Symbol U2 Pin 4 [RFINB, Unspecified, Line]
    @(309.88 mm, 135.89 mm): Symbol C21 Pin 1 [Passive, Line]
[pin_to_pin]: Pins of type Unspecified and Input are connected
    ; warning
    @(86.36 mm, 54.61 mm): Symbol U2 Pin 14 [CLK, Unspecified, Line]
    @(100.33 mm, 177.80 mm): Symbol U8 Pin 12 [SCLK, Input, Line]
[pin_to_pin]: Pins of type Unspecified and Input are connected
    ; warning
    @(86.36 mm, 59.69 mm): Symbol U2 Pin 15 [DATA, Unspecified, Line]
    @(100.33 mm, 182.88 mm): Symbol U8 Pin 10 [SDI, Input, Line]
[pin_to_pin]: Pins of type Unspecified and Passive are connected
    ; warning
    @(86.36 mm, 64.77 mm): Symbol U2 Pin 24 [CP, Unspecified, Line]
    @(309.88 mm, 166.37 mm): Symbol R4 Pin 1 [Passive, Line]
[pin_to_pin]: Pins of type Unspecified and Passive are connected
    ; warning
    @(50.80 mm, 97.79 mm): Symbol U5 Pin 5 [OUT, Unspecified, Line]
    @(54.61 mm, 97.79 mm): Symbol C5 Pin 1 [Passive, Line]
[pin_to_pin]: Pins of type Unspecified and Bidirectional are connected
    ; warning
    @(86.36 mm, 69.85 mm): Symbol U2 Pin 12 [TXDATA, Unspecified, Line]
    @(217.17 mm, 102.87 mm): Symbol U7 Pin 24 [ADBUS7, Bidirectional, Line]
[pin_to_pin]: Pins of type Unspecified and Bidirectional are connected
    ; warning
    @(22.86 mm, 134.62 mm): Symbol U10 Pin 1 [CS, Unspecified, Line]
    @(166.37 mm, 59.69 mm): Symbol U7 Pin 63 [EECS, Bidirectional, Line]
[pin_to_pin]: Pins of type Unspecified and Output are connected
    ; warning
    @(22.86 mm, 137.16 mm): Symbol U10 Pin 2 [CLK, Unspecified, Line]
    @(217.17 mm, 113.03 mm): Symbol U7 Pin 62 [EECLK, Output, Clock]
[pin_to_pin]: Pins of type Unspecified and Power input are connected
    ; warning
    @(137.16 mm, 24.13 mm): Symbol U2 Pin 25 [EP(GND), Unspecified, Line]
    @(137.16 mm, 24.13 mm): Symbol #PWR047 Pin 1 [Power input, Line]
[pin_to_pin]: Pins of type Unspecified and Power input are connected
    ; warning
    @(137.16 mm, 29.21 mm): Symbol U2 Pin 11 [SDGND, Unspecified, Line]
    @(137.16 mm, 29.21 mm): Symbol #PWR046 Pin 1 [Power input, Line]
[pin_to_pin]: Pins of type Unspecified and Power input are connected
    ; warning
    @(137.16 mm, 31.75 mm): Symbol U2 Pin 10 [DGND, Unspecified, Line]
    @(137.16 mm, 31.75 mm): Symbol #PWR045 Pin 1 [Power input, Line]
[pin_to_pin]: Pins of type Unspecified and Power input are connected
    ; warning
    @(137.16 mm, 34.29 mm): Symbol U2 Pin 1 [CPGND, Unspecified, Line]
    @(137.16 mm, 34.29 mm): Symbol #PWR044 Pin 1 [Power input, Line]
[pin_to_pin]: Pins of type Unspecified and Bidirectional are connected
    ; warning
    @(22.86 mm, 139.70 mm): Symbol U10 Pin 3 [DI, Unspecified, Line]
    @(166.37 mm, 62.23 mm): Symbol U7 Pin 61 [EEDATA, Bidirectional, Line]
[pin_to_pin]: Pins of type Unspecified and Power input are connected
    ; warning
    @(137.16 mm, 36.83 mm): Symbol U2 Pin 3 [AGND, Unspecified, Line]
    @(137.16 mm, 36.83 mm): Symbol #PWR043 Pin 1 [Power input, Line]
[pin_to_pin]: Pins of type Unspecified and Power input are connected
    ; warning
    @(137.16 mm, 39.37 mm): Symbol U2 Pin 2 [AGND, Unspecified, Line]
    @(137.16 mm, 39.37 mm): Symbol #PWR042 Pin 1 [Power input, Line]
[pin_to_pin]: Pins of type Unspecified and Passive are connected
    ; warning
    @(22.86 mm, 142.24 mm): Symbol U10 Pin 4 [DO, Unspecified, Line]
    @(358.14 mm, 222.25 mm): Symbol R21 Pin 1 [Passive, Line]
[pin_to_pin]: Pins of type Unspecified and Passive are connected
    ; warning
    @(137.16 mm, 44.45 mm): Symbol U2 Pin 22 [VP, Unspecified, Line]
    @(86.36 mm, 24.13 mm): Symbol C8 Pin 1 [Passive, Line]
[pin_to_pin]: Pins of type Unspecified and Passive are connected
    ; warning
    @(137.16 mm, 54.61 mm): Symbol U2 Pin 23 [RSET, Unspecified, Line]
    @(309.88 mm, 125.73 mm): Symbol R5 Pin 1 [Passive, Line]
[pin_to_pin]: Pins of type Unspecified and Bidirectional are connected
    ; warning
    @(137.16 mm, 59.69 mm): Symbol U2 Pin 17 [MUXOUT, Unspecified, Line]
    @(217.17 mm, 100.33 mm): Symbol U7 Pin 23 [ADBUS6, Bidirectional, Line]
[pin_to_pin]: Pins of type Unspecified and Bidirectional are connected
    ; warning
    @(137.16 mm, 64.77 mm): Symbol U2 Pin 16 [LE, Unspecified, Line]
    @(217.17 mm, 92.71 mm): Symbol U7 Pin 19 [ADBUS3, Bidirectional, Line]
[pin_to_pin]: Pins of type Unspecified and Bidirectional are connected
    ; warning
    @(137.16 mm, 69.85 mm): Symbol U2 Pin 13 [CE, Unspecified, Line]
    @(217.17 mm, 97.79 mm): Symbol U7 Pin 22 [ADBUS5, Bidirectional, Line]
[pin_to_pin]: Pins of type Unspecified and Passive are connected
    ; warning
    @(78.74 mm, 134.62 mm): Symbol U10 Pin 8 [VCC, Unspecified, Line]
    @(139.70 mm, 246.38 mm): Symbol C53 Pin 1 [Passive, Line]
[lib_symbol_mismatch]: Symbol 'USB4215-03-A' doesn't match copy in library 'USB4215'
    ; warning
    @(22.86 mm, 156.21 mm): Symbol J1 [USB4215-03-A]
[pin_to_pin]: Pins of type Unspecified and Unspecified are connected
    ; warning
    @(19.05 mm, 158.75 mm): Symbol J1 Pin A4/B9 [VBUS, Unspecified, Line]
    @(19.05 mm, 181.61 mm): Symbol J1 Pin B4/A9 [VBUS, Unspecified, Line]
[pin_to_pin]: Pins of type Unspecified and Power input are connected
    ; warning
    @(78.74 mm, 142.24 mm): Symbol U10 Pin 5 [VSS, Unspecified, Line]
    @(78.74 mm, 142.24 mm): Symbol #PWR015 Pin 1 [Power input, Line]
[pin_to_pin]: Pins of type Unspecified and Passive are connected
    ; warning
    @(105.41 mm, 129.54 mm): Symbol U9 Pin 1 [VIN, Unspecified, Line]
    @(105.41 mm, 129.54 mm): Symbol C10 Pin 1 [Passive, Line]
[pin_to_pin]: Pins of type Unspecified and Passive are connected
    ; warning
    @(105.41 mm, 132.08 mm): Symbol U9 Pin 2 [EN, Unspecified, Line]
    @(105.41 mm, 129.54 mm): Symbol C10 Pin 1 [Passive, Line]
[pin_to_pin]: Pins of type Unspecified and Power input are connected
    ; warning
    @(105.41 mm, 134.62 mm): Symbol U9 Pin 3 [SYNC, Unspecified, Line]
    @(105.41 mm, 134.62 mm): Symbol #PWR030 Pin 1 [Power input, Line]
[pin_to_pin]: Pins of type Unspecified and Power input are connected
    ; warning
    @(105.41 mm, 137.16 mm): Symbol U9 Pin 4 [FREQ, Unspecified, Line]
    @(105.41 mm, 137.16 mm): Symbol #PWR031 Pin 1 [Power input, Line]
[pin_to_pin]: Pins of type Unspecified and Passive are connected
    ; warning
    @(105.41 mm, 139.70 mm): Symbol U9 Pin 5 [PGOOD, Unspecified, Line]
    @(53.34 mm, 222.25 mm): Symbol R19 Pin 2 [Passive, Line]
[pin_to_pin]: Pins of type Unspecified and Passive are connected
    ; warning
    @(105.41 mm, 142.24 mm): Symbol U9 Pin 6 [FB, Unspecified, Line]
    @(38.10 mm, 222.25 mm): Symbol R18 Pin 1 [Passive, Line]
[pin_to_pin]: Pins of type Unspecified and Power input are connected
    ; warning
    @(105.41 mm, 144.78 mm): Symbol U9 Pin 7 [LDO_OUT, Unspecified, Line]
    @(146.05 mm, 184.15 mm): Symbol U12 Pin 6 [Vg, Power input, Line]
[pin_to_pin]: Pins of type Unspecified and Unspecified are connected
    ; warning
    @(105.41 mm, 147.32 mm): Symbol U9 Pin 8 [CPOUT, Unspecified, Line]
    @(156.21 mm, 144.78 mm): Symbol U9 Pin 11 [CPOUT, Unspecified, Line]
[pin_to_pin]: Pins of type Unspecified and Passive are connected
    ; warning
    @(19.05 mm, 181.61 mm): Symbol J1 Pin B4/A9 [VBUS, Unspecified, Line]
    @(161.29 mm, 24.13 mm): Symbol R2 Pin 1 [Passive, Line]
[pin_to_pin]: Pins of type Unspecified and Power input are connected
    ; warning
    @(156.21 mm, 129.54 mm): Symbol U9 Pin 17 [EPAD, Unspecified, Line]
    @(156.21 mm, 129.54 mm): Symbol #PWR026 Pin 1 [Power input, Line]
[pin_to_pin]: Pins of type Unspecified and Power input are connected
    ; warning
    @(156.21 mm, 132.08 mm): Symbol U9 Pin 16 [GND, Unspecified, Line]
    @(156.21 mm, 132.08 mm): Symbol #PWR027 Pin 1 [Power input, Line]
[pin_to_pin]: Pins of type Unspecified and Power input are connected
    ; warning
    @(156.21 mm, 134.62 mm): Symbol U9 Pin 15 [SEL1, Unspecified, Line]
    @(156.21 mm, 134.62 mm): Symbol #PWR028 Pin 1 [Power input, Line]
[pin_to_pin]: Pins of type Unspecified and Power input are connected
    ; warning
    @(156.21 mm, 137.16 mm): Symbol U9 Pin 14 [SEL2, Unspecified, Line]
    @(156.21 mm, 137.16 mm): Symbol #PWR029 Pin 1 [Power input, Line]
[pin_to_pin]: Pins of type Unspecified and Passive are connected
    ; warning
    @(156.21 mm, 139.70 mm): Symbol U9 Pin 13 [C1-, Unspecified, Line]
    @(195.58 mm, 222.25 mm): Symbol C38 Pin 2 [Passive, Line]
[pin_to_pin]: Pins of type Unspecified and Passive are connected
    ; warning
    @(156.21 mm, 142.24 mm): Symbol U9 Pin 12 [C1+, Unspecified, Line]
    @(190.50 mm, 222.25 mm): Symbol C38 Pin 1 [Passive, Line]
[pin_to_pin]: Pins of type Unspecified and Passive are connected
    ; warning
    @(156.21 mm, 144.78 mm): Symbol U9 Pin 11 [CPOUT, Unspecified, Line]
    @(210.82 mm, 222.25 mm): Symbol C40 Pin 1 [Passive, Line]
[pin_to_pin]: Pins of type Unspecified and Passive are connected
    ; warning
    @(156.21 mm, 147.32 mm): Symbol U9 Pin 10 [C2+, Unspecified, Line]
    @(200.66 mm, 222.25 mm): Symbol C39 Pin 1 [Passive, Line]
[pin_to_pin]: Pins of type Unspecified and Passive are connected
    ; warning
    @(156.21 mm, 149.86 mm): Symbol U9 Pin 9 [C2-, Unspecified, Line]
    @(205.74 mm, 222.25 mm): Symbol C39 Pin 2 [Passive, Line]
[lib_symbol_mismatch]: Symbol 'AMM-8211PSM' doesn't match copy in library 'AMM-8211PSM'
    ; warning
    @(135.89 mm, 182.88 mm): Symbol U12 [AMM-8211PSM]
[pin_to_pin]: Pins of type Unspecified and Passive are connected
    ; warning
    @(173.99 mm, 158.75 mm): Symbol U11 Pin 1 [1, Unspecified, Line]
    @(241.30 mm, 222.25 mm): Symbol C28 Pin 1 [Passive, Line]
[pin_to_pin]: Pins of type Unspecified and Output are connected
    ; warning
    @(214.63 mm, 158.75 mm): Symbol U11 Pin 2 [2, Unspecified, Line]
    @(217.17 mm, 110.49 mm): Symbol U7 Pin 3 [OSCO, Output, Line]
[pin_to_pin]: Pins of type Unspecified and Power input are connected
    ; warning
    @(233.68 mm, 140.97 mm): Symbol U6 Pin 10 [0P4V, Unspecified, Line]
    @(233.68 mm, 140.97 mm): Symbol #PWR054 Pin 1 [Power input, Line]
[pin_to_pin]: Pins of type Unspecified and Power input are connected
    ; warning
    @(233.68 mm, 148.59 mm): Symbol U6 Pin 6 [3P2V, Unspecified, Line]
    @(233.68 mm, 148.59 mm): Symbol #PWR053 Pin 1 [Power input, Line]
[pin_to_pin]: Pins of type Unspecified and Passive are connected
    ; warning
    @(233.68 mm, 161.29 mm): Symbol U6 Pin 14 [NR, Unspecified, Line]
    @(292.10 mm, 222.25 mm): Symbol C33 Pin 1 [Passive, Line]
[pin_to_pin]: Pins of type Unspecified and Power input are connected
    ; warning
    @(274.32 mm, 128.27 mm): Symbol U6 Pin 3 [SENSE_FB, Unspecified, Line]
    @(274.32 mm, 120.65 mm): Symbol U6 Pin 20 [OUT, Power input, Line]
[pin_to_pin]: Pins of type Unspecified and Passive are connected
    ; warning
    @(340.36 mm, 140.97 mm): Symbol U13 Pin 8 [1P6V, Unspecified, Line]
    @(309.88 mm, 151.13 mm): Symbol C19 Pin 2 [Passive, Line]
[pin_to_pin]: Pins of type Unspecified and Passive are connected
    ; warning
    @(340.36 mm, 156.21 mm): Symbol U13 Pin 14 [NR, Unspecified, Line]
    @(88.90 mm, 246.38 mm): Symbol C48 Pin 1 [Passive, Line]
[pin_to_pin]: Pins of type Unspecified and Power input are connected
    ; warning
    @(381.00 mm, 123.19 mm): Symbol U13 Pin 3 [SENSE_FB, Unspecified, Line]
    @(381.00 mm, 115.57 mm): Symbol U13 Pin 20 [OUT, Power input, Line]

 ** ERC messages: 70  Errors 10  Warnings 60
